2012.04.03 14:25 B C:\Users\Rafael\Desktop\news\jscripts\tiny_mce\themes\advanced\about.htm <-- ejct.com.br /public_html/scripts/news/jscripts/tiny_mce/themes/advanced about.htm
2012.04.03 14:25 B C:\Users\Rafael\Desktop\news\jscripts\tiny_mce\themes\advanced\anchor.htm <-- ejct.com.br /public_html/scripts/news/jscripts/tiny_mce/themes/advanced anchor.htm
2012.04.03 14:25 B C:\Users\Rafael\Desktop\news\jscripts\tiny_mce\themes\advanced\charmap.htm <-- ejct.com.br /public_html/scripts/news/jscripts/tiny_mce/themes/advanced charmap.htm
2012.04.03 14:25 B C:\Users\Rafael\Desktop\news\jscripts\tiny_mce\themes\advanced\color_picker.htm <-- ejct.com.br /public_html/scripts/news/jscripts/tiny_mce/themes/advanced color_picker.htm
2012.04.03 14:25 B C:\Users\Rafael\Desktop\news\jscripts\tiny_mce\themes\advanced\editor_template.js <-- ejct.com.br /public_html/scripts/news/jscripts/tiny_mce/themes/advanced editor_template.js
2012.04.03 14:25 B C:\Users\Rafael\Desktop\news\jscripts\tiny_mce\themes\advanced\editor_template_src.js <-- ejct.com.br /public_html/scripts/news/jscripts/tiny_mce/themes/advanced editor_template_src.js
2012.04.03 14:25 B C:\Users\Rafael\Desktop\news\jscripts\tiny_mce\themes\advanced\image.htm <-- ejct.com.br /public_html/scripts/news/jscripts/tiny_mce/themes/advanced image.htm
2012.04.03 14:25 B C:\Users\Rafael\Desktop\news\jscripts\tiny_mce\themes\advanced\link.htm <-- ejct.com.br /public_html/scripts/news/jscripts/tiny_mce/themes/advanced link.htm
2012.04.03 14:25 B C:\Users\Rafael\Desktop\news\jscripts\tiny_mce\themes\advanced\shortcuts.htm <-- ejct.com.br /public_html/scripts/news/jscripts/tiny_mce/themes/advanced shortcuts.htm
2012.04.03 14:25 B C:\Users\Rafael\Desktop\news\jscripts\tiny_mce\themes\advanced\source_editor.htm <-- ejct.com.br /public_html/scripts/news/jscripts/tiny_mce/themes/advanced source_editor.htm
2013.03.18 19:04 B F:\Had Net\Clientes\Etka System\sys\adm\jscripts\tiny_mce\themes\advanced\about.htm --> ftp.etka.com.br /etka/web/sys/adm/jscripts/tiny_mce/themes/advanced about.htm
2013.03.18 19:04 B F:\Had Net\Clientes\Etka System\sys\adm\jscripts\tiny_mce\themes\advanced\anchor.htm --> ftp.etka.com.br /etka/web/sys/adm/jscripts/tiny_mce/themes/advanced anchor.htm
2013.03.18 19:04 B F:\Had Net\Clientes\Etka System\sys\adm\jscripts\tiny_mce\themes\advanced\charmap.htm --> ftp.etka.com.br /etka/web/sys/adm/jscripts/tiny_mce/themes/advanced charmap.htm
2013.03.18 19:04 B F:\Had Net\Clientes\Etka System\sys\adm\jscripts\tiny_mce\themes\advanced\color_picker.htm --> ftp.etka.com.br /etka/web/sys/adm/jscripts/tiny_mce/themes/advanced color_picker.htm
2013.03.18 19:04 B F:\Had Net\Clientes\Etka System\sys\adm\jscripts\tiny_mce\themes\advanced\editor_template.js --> ftp.etka.com.br /etka/web/sys/adm/jscripts/tiny_mce/themes/advanced editor_template.js
2013.03.18 19:04 B F:\Had Net\Clientes\Etka System\sys\adm\jscripts\tiny_mce\themes\advanced\editor_template_src.js --> ftp.etka.com.br /etka/web/sys/adm/jscripts/tiny_mce/themes/advanced editor_template_src.js
2013.03.18 19:04 B F:\Had Net\Clientes\Etka System\sys\adm\jscripts\tiny_mce\themes\advanced\image.htm --> ftp.etka.com.br /etka/web/sys/adm/jscripts/tiny_mce/themes/advanced image.htm
2013.03.18 19:04 B F:\Had Net\Clientes\Etka System\sys\adm\jscripts\tiny_mce\themes\advanced\link.htm --> ftp.etka.com.br /etka/web/sys/adm/jscripts/tiny_mce/themes/advanced link.htm
2013.03.18 19:04 B F:\Had Net\Clientes\Etka System\sys\adm\jscripts\tiny_mce\themes\advanced\shortcuts.htm --> ftp.etka.com.br /etka/web/sys/adm/jscripts/tiny_mce/themes/advanced shortcuts.htm
2013.03.18 19:04 B F:\Had Net\Clientes\Etka System\sys\adm\jscripts\tiny_mce\themes\advanced\source_editor.htm --> ftp.etka.com.br /etka/web/sys/adm/jscripts/tiny_mce/themes/advanced source_editor.htm
2013.03.18 19:04 B F:\Had Net\Clientes\Etka System\sys\adm\jscripts\tiny_mce\themes\advanced\WS_FTP.LOG --> ftp.etka.com.br /etka/web/sys/adm/jscripts/tiny_mce/themes/advanced WS_FTP.LOG
2013.03.20 17:34 B F:\Had Net\Clientes\Etka System\sys\adm\jscripts\tiny_mce\themes\advanced\WS_FTP.LOG --> ftp.etka.com.br /etka/web/sys/adm/jscripts/tiny_mce/themes/advanced WS_FTP.LOG
