2012.04.03 14:25 B C:\Users\Rafael\Desktop\news\jscripts\tiny_mce\themes\advanced\img\colorpicker.jpg <-- ejct.com.br /public_html/scripts/news/jscripts/tiny_mce/themes/advanced/img colorpicker.jpg
2012.04.03 14:25 B C:\Users\Rafael\Desktop\news\jscripts\tiny_mce\themes\advanced\img\flash.gif <-- ejct.com.br /public_html/scripts/news/jscripts/tiny_mce/themes/advanced/img flash.gif
2012.04.03 14:25 B C:\Users\Rafael\Desktop\news\jscripts\tiny_mce\themes\advanced\img\icons.gif <-- ejct.com.br /public_html/scripts/news/jscripts/tiny_mce/themes/advanced/img icons.gif
2012.04.03 14:25 B C:\Users\Rafael\Desktop\news\jscripts\tiny_mce\themes\advanced\img\iframe.gif <-- ejct.com.br /public_html/scripts/news/jscripts/tiny_mce/themes/advanced/img iframe.gif
2012.04.03 14:25 B C:\Users\Rafael\Desktop\news\jscripts\tiny_mce\themes\advanced\img\pagebreak.gif <-- ejct.com.br /public_html/scripts/news/jscripts/tiny_mce/themes/advanced/img pagebreak.gif
2012.04.03 14:25 B C:\Users\Rafael\Desktop\news\jscripts\tiny_mce\themes\advanced\img\quicktime.gif <-- ejct.com.br /public_html/scripts/news/jscripts/tiny_mce/themes/advanced/img quicktime.gif
2012.04.03 14:25 B C:\Users\Rafael\Desktop\news\jscripts\tiny_mce\themes\advanced\img\realmedia.gif <-- ejct.com.br /public_html/scripts/news/jscripts/tiny_mce/themes/advanced/img realmedia.gif
2012.04.03 14:25 B C:\Users\Rafael\Desktop\news\jscripts\tiny_mce\themes\advanced\img\shockwave.gif <-- ejct.com.br /public_html/scripts/news/jscripts/tiny_mce/themes/advanced/img shockwave.gif
2012.04.03 14:25 B C:\Users\Rafael\Desktop\news\jscripts\tiny_mce\themes\advanced\img\trans.gif <-- ejct.com.br /public_html/scripts/news/jscripts/tiny_mce/themes/advanced/img trans.gif
2012.04.03 14:25 B C:\Users\Rafael\Desktop\news\jscripts\tiny_mce\themes\advanced\img\video.gif <-- ejct.com.br /public_html/scripts/news/jscripts/tiny_mce/themes/advanced/img video.gif
2012.04.03 14:25 B C:\Users\Rafael\Desktop\news\jscripts\tiny_mce\themes\advanced\img\windowsmedia.gif <-- ejct.com.br /public_html/scripts/news/jscripts/tiny_mce/themes/advanced/img windowsmedia.gif
2013.03.18 19:04 B F:\Had Net\Clientes\Etka System\sys\adm\jscripts\tiny_mce\themes\advanced\img\colorpicker.jpg --> ftp.etka.com.br /etka/web/sys/adm/jscripts/tiny_mce/themes/advanced/img colorpicker.jpg
2013.03.18 19:04 B F:\Had Net\Clientes\Etka System\sys\adm\jscripts\tiny_mce\themes\advanced\img\flash.gif --> ftp.etka.com.br /etka/web/sys/adm/jscripts/tiny_mce/themes/advanced/img flash.gif
2013.03.18 19:04 B F:\Had Net\Clientes\Etka System\sys\adm\jscripts\tiny_mce\themes\advanced\img\icons.gif --> ftp.etka.com.br /etka/web/sys/adm/jscripts/tiny_mce/themes/advanced/img icons.gif
2013.03.18 19:04 B F:\Had Net\Clientes\Etka System\sys\adm\jscripts\tiny_mce\themes\advanced\img\iframe.gif --> ftp.etka.com.br /etka/web/sys/adm/jscripts/tiny_mce/themes/advanced/img iframe.gif
2013.03.18 19:04 B F:\Had Net\Clientes\Etka System\sys\adm\jscripts\tiny_mce\themes\advanced\img\pagebreak.gif --> ftp.etka.com.br /etka/web/sys/adm/jscripts/tiny_mce/themes/advanced/img pagebreak.gif
2013.03.18 19:04 B F:\Had Net\Clientes\Etka System\sys\adm\jscripts\tiny_mce\themes\advanced\img\quicktime.gif --> ftp.etka.com.br /etka/web/sys/adm/jscripts/tiny_mce/themes/advanced/img quicktime.gif
2013.03.18 19:04 B F:\Had Net\Clientes\Etka System\sys\adm\jscripts\tiny_mce\themes\advanced\img\realmedia.gif --> ftp.etka.com.br /etka/web/sys/adm/jscripts/tiny_mce/themes/advanced/img realmedia.gif
2013.03.18 19:04 B F:\Had Net\Clientes\Etka System\sys\adm\jscripts\tiny_mce\themes\advanced\img\shockwave.gif --> ftp.etka.com.br /etka/web/sys/adm/jscripts/tiny_mce/themes/advanced/img shockwave.gif
2013.03.18 19:04 B F:\Had Net\Clientes\Etka System\sys\adm\jscripts\tiny_mce\themes\advanced\img\trans.gif --> ftp.etka.com.br /etka/web/sys/adm/jscripts/tiny_mce/themes/advanced/img trans.gif
2013.03.18 19:04 B F:\Had Net\Clientes\Etka System\sys\adm\jscripts\tiny_mce\themes\advanced\img\video.gif --> ftp.etka.com.br /etka/web/sys/adm/jscripts/tiny_mce/themes/advanced/img video.gif
2013.03.18 19:04 B F:\Had Net\Clientes\Etka System\sys\adm\jscripts\tiny_mce\themes\advanced\img\windowsmedia.gif --> ftp.etka.com.br /etka/web/sys/adm/jscripts/tiny_mce/themes/advanced/img windowsmedia.gif
2013.03.18 19:04 B F:\Had Net\Clientes\Etka System\sys\adm\jscripts\tiny_mce\themes\advanced\img\WS_FTP.LOG --> ftp.etka.com.br /etka/web/sys/adm/jscripts/tiny_mce/themes/advanced/img WS_FTP.LOG
2013.03.20 17:34 B F:\Had Net\Clientes\Etka System\sys\adm\jscripts\tiny_mce\themes\advanced\img\WS_FTP.LOG --> ftp.etka.com.br /etka/web/sys/adm/jscripts/tiny_mce/themes/advanced/img WS_FTP.LOG
